<?xml version="1.0" encoding="UTF-8"?>
<!-- Generated by org.testng.reporters.JUnitReportReporter -->
<testsuite skipped="0" hostname="DESKTOP-PF6LSMM" name="com.banking.automation.testcases.test" tests="1" failures="0" timestamp="03 Jul 2018 14:42:55 GMT" time="0.150" errors="0">
  <testcase name="generateUnix" time="0.150" classname="com.banking.automation.testcases.test"/>
</testsuite> <!-- com.banking.automation.testcases.test -->
