<?xml version="1.0" encoding="UTF-8"?>
<!-- Generated by org.testng.reporters.JUnitReportReporter -->
<testsuite skipped="0" hostname="DESKTOP-PF6LSMM" name="com.banking.automation.testcases.TestBankingFunction" tests="3" failures="0" timestamp="03 Jul 2018 16:27:29 GMT" time="11.824" errors="0">
  <testcase name="createNewCustomer" time="6.282" classname="com.banking.automation.testcases.TestBankingFunction"/>
  <testcase name="createNewAccount" time="2.741" classname="com.banking.automation.testcases.TestBankingFunction"/>
  <testcase name="deposit" time="2.801" classname="com.banking.automation.testcases.TestBankingFunction"/>
</testsuite> <!-- com.banking.automation.testcases.TestBankingFunction -->
